c:\users\arnau\documents\upf\mtequalizer\builds\visualstudio2019\x64\debug\shared code\biquad.obj
c:\users\arnau\documents\upf\mtequalizer\builds\visualstudio2019\x64\debug\shared code\include_juce_audio_devices.obj
c:\users\arnau\documents\upf\mtequalizer\builds\visualstudio2019\x64\debug\shared code\include_juce_audio_utils.obj
c:\users\arnau\documents\upf\mtequalizer\builds\visualstudio2019\x64\debug\shared code\include_juce_events.obj
c:\users\arnau\documents\upf\mtequalizer\builds\visualstudio2019\x64\debug\shared code\include_juce_opengl.obj
c:\users\arnau\documents\upf\mtequalizer\builds\visualstudio2019\x64\debug\shared code\include_juce_audio_basics.obj
c:\users\arnau\documents\upf\mtequalizer\builds\visualstudio2019\x64\debug\shared code\include_juce_audio_formats.obj
c:\users\arnau\documents\upf\mtequalizer\builds\visualstudio2019\x64\debug\shared code\include_juce_core.obj
c:\users\arnau\documents\upf\mtequalizer\builds\visualstudio2019\x64\debug\shared code\include_juce_gui_extra.obj
c:\users\arnau\documents\upf\mtequalizer\builds\visualstudio2019\x64\debug\shared code\pluginprocessor.obj
c:\users\arnau\documents\upf\mtequalizer\builds\visualstudio2019\x64\debug\shared code\include_juce_audio_processors.obj
c:\users\arnau\documents\upf\mtequalizer\builds\visualstudio2019\x64\debug\shared code\include_juce_graphics.obj
c:\users\arnau\documents\upf\mtequalizer\builds\visualstudio2019\x64\debug\shared code\plugineditor.obj
c:\users\arnau\documents\upf\mtequalizer\builds\visualstudio2019\x64\debug\shared code\include_juce_audio_plugin_client_utils.obj
c:\users\arnau\documents\upf\mtequalizer\builds\visualstudio2019\x64\debug\shared code\include_juce_cryptography.obj
c:\users\arnau\documents\upf\mtequalizer\builds\visualstudio2019\x64\debug\shared code\include_juce_data_structures.obj
c:\users\arnau\documents\upf\mtequalizer\builds\visualstudio2019\x64\debug\shared code\include_juce_gui_basics.obj
c:\users\arnau\documents\upf\mtequalizer\builds\visualstudio2019\x64\debug\shared code\mtequalizer_sharedcode.pdb
c:\users\arnau\documents\upf\mtequalizer\builds\visualstudio2019\x64\debug\shared code\biquadfilter.obj
c:\users\arnau\documents\upf\mtequalizer\builds\visualstudio2019\x64\debug\shared code\mtequalizer.lib
c:\users\arnau\documents\upf\mtequalizer\builds\visualstudio2019\x64\debug\shared code\mtequali.fc410846.tlog\cl.command.1.tlog
c:\users\arnau\documents\upf\mtequalizer\builds\visualstudio2019\x64\debug\shared code\mtequali.fc410846.tlog\cl.read.1.tlog
c:\users\arnau\documents\upf\mtequalizer\builds\visualstudio2019\x64\debug\shared code\mtequali.fc410846.tlog\cl.write.1.tlog
c:\users\arnau\documents\upf\mtequalizer\builds\visualstudio2019\x64\debug\shared code\mtequali.fc410846.tlog\lib-link.read.1.tlog
c:\users\arnau\documents\upf\mtequalizer\builds\visualstudio2019\x64\debug\shared code\mtequali.fc410846.tlog\lib-link.write.1.tlog
c:\users\arnau\documents\upf\mtequalizer\builds\visualstudio2019\x64\debug\shared code\mtequali.fc410846.tlog\lib.command.1.tlog
